# JRE version: OpenJDK Runtime Environment GraalVM CE 22.3.0 (17.0.5+8) (build 17.0.5+8-jvmci-22.3-b08)
# Java VM: OpenJDK 64-Bit Server VM GraalVM CE 22.3.0 (17.0.5+8-jvmci-22.3-b08, mixed mode, sharing, tiered, jvmci, jvmci compiler, compressed oops, compressed class ptrs, parallel gc, linux-amd64)
GC Precious Log:
 CPUs: 8 total, 1 available
 Memory: 1024M
 Large Page Support: Disabled
 NUMA Support: Disabled
 Compressed Oops: Enabled (32-bit)
 Alignments: Space 512K, Generation 512K, Heap 2M
 Heap Min Capacity: 100M
 Heap Initial Capacity: 100M
 Heap Max Capacity: 512M
 Pre-touch: Disabled
 Parallel Workers: 1
Heap:
 PSYoungGen      total 39936K, used 20991K [0x00000000f5580000, 0x00000000f9280000, 0x0000000100000000)
  eden space 20992K, 99% used [0x00000000f5580000,0x00000000f69ffff8,0x00000000f6a00000)
  from space 18944K, 0% used [0x00000000f8000000,0x00000000f8000000,0x00000000f9280000)
  to   space 20480K, 0% used [0x00000000f6a00000,0x00000000f6a00000,0x00000000f7e00000)
 ParOldGen       total 349696K, used 349695K [0x00000000e0000000, 0x00000000f5580000, 0x00000000f5580000)
  object space 349696K, 99% used [0x00000000e0000000,0x00000000f557ffc8,0x00000000f5580000)
 Metaspace       used 63377K, committed 64384K, reserved 1114112K
  class space    used 6212K, committed 6592K, reserved 1048576K
GC Heap History (20 events):
Event: 1102.188 GC heap before
{Heap before GC invocations=1074 (full 975):
 PSYoungGen      total 39936K, used 20992K [0x00000000f5580000, 0x00000000f9280000, 0x0000000100000000)
  eden space 20992K, 100% used [0x00000000f5580000,0x00000000f6a00000,0x00000000f6a00000)
  from space 18944K, 0% used [0x00000000f8000000,0x00000000f8000000,0x00000000f9280000)
  to   space 20480K, 0% used [0x00000000f6a00000,0x00000000f6a00000,0x00000000f7e00000)
 ParOldGen       total 349696K, used 349693K [0x00000000e0000000, 0x00000000f5580000, 0x00000000f5580000)
  object space 349696K, 99% used [0x00000000e0000000,0x00000000f557f660,0x00000000f5580000)
 Metaspace       used 63377K, committed 64384K, reserved 1114112K
  class space    used 6212K, committed 6592K, reserved 1048576K
}
Event: 1103.280 GC heap after
{Heap after GC invocations=1074 (full 975):
 PSYoungGen      total 41472K, used 20991K [0x00000000f5580000, 0x00000000f9280000, 0x0000000100000000)
  eden space 20992K, 99% used [0x00000000f5580000,0x00000000f69fffe0,0x00000000f6a00000)
  from space 20480K, 0% used [0x00000000f6a00000,0x00000000f6a00000,0x00000000f7e00000)
  to   space 18944K, 0% used [0x00000000f8000000,0x00000000f8000000,0x00000000f9280000)
 ParOldGen       total 349696K, used 349693K [0x00000000e0000000, 0x00000000f5580000, 0x00000000f5580000)
  object space 349696K, 99% used [0x00000000e0000000,0x00000000f557f660,0x00000000f5580000)
 Metaspace       used 63377K, committed 64384K, reserved 1114112K
  class space    used 6212K, committed 6592K, reserved 1048576K
}
Event: 1103.281 GC heap before
{Heap before GC invocations=1075 (full 976):
 PSYoungGen      total 41472K, used 20992K [0x00000000f5580000, 0x00000000f9280000, 0x0000000100000000)
  eden space 20992K, 100% used [0x00000000f5580000,0x00000000f6a00000,0x00000000f6a00000)
  from space 20480K, 0% used [0x00000000f6a00000,0x00000000f6a00000,0x00000000f7e00000)
  to   space 18944K, 0% used [0x00000000f8000000,0x00000000f8000000,0x00000000f9280000)
 ParOldGen       total 349696K, used 349693K [0x00000000e0000000, 0x00000000f5580000, 0x00000000f5580000)
  object space 349696K, 99% used [0x00000000e0000000,0x00000000f557f660,0x00000000f5580000)
 Metaspace       used 63377K, committed 64384K, reserved 1114112K
  class space    used 6212K, committed 6592K, reserved 1048576K
}
Event: 1104.456 GC heap after
{Heap after GC invocations=1075 (full 976):
 PSYoungGen      total 39936K, used 20991K [0x00000000f5580000, 0x00000000f9280000, 0x0000000100000000)
  eden space 20992K, 99% used [0x00000000f5580000,0x00000000f69fffe0,0x00000000f6a00000)
  from space 18944K, 0% used [0x00000000f8000000,0x00000000f8000000,0x00000000f9280000)
  to   space 20480K, 0% used [0x00000000f6a00000,0x00000000f6a00000,0x00000000f7e00000)
 ParOldGen       total 349696K, used 349693K [0x00000000e0000000, 0x00000000f5580000, 0x00000000f5580000)
  object space 349696K, 99% used [0x00000000e0000000,0x00000000f557f660,0x00000000f5580000)
 Metaspace       used 63377K, committed 64384K, reserved 1114112K
  class space    used 6212K, committed 6592K, reserved 1048576K
}
Event: 1104.457 GC heap before
{Heap before GC invocations=1076 (full 977):
 PSYoungGen      total 39936K, used 20992K [0x00000000f5580000, 0x00000000f9280000, 0x0000000100000000)
  eden space 20992K, 100% used [0x00000000f5580000,0x00000000f6a00000,0x00000000f6a00000)
  from space 18944K, 0% used [0x00000000f8000000,0x00000000f8000000,0x00000000f9280000)
  to   space 20480K, 0% used [0x00000000f6a00000,0x00000000f6a00000,0x00000000f7e00000)
 ParOldGen       total 349696K, used 349693K [0x00000000e0000000, 0x00000000f5580000, 0x00000000f5580000)
  object space 349696K, 99% used [0x00000000e0000000,0x00000000f557f660,0x00000000f5580000)
 Metaspace       used 63377K, committed 64384K, reserved 1114112K
  class space    used 6212K, committed 6592K, reserved 1048576K
}
Event: 1105.459 GC heap after
{Heap after GC invocations=1076 (full 977):
 PSYoungGen      total 41472K, used 20991K [0x00000000f5580000, 0x00000000f9280000, 0x0000000100000000)
  eden space 20992K, 99% used [0x00000000f5580000,0x00000000f69fffe0,0x00000000f6a00000)
  from space 20480K, 0% used [0x00000000f6a00000,0x00000000f6a00000,0x00000000f7e00000)
  to   space 18944K, 0% used [0x00000000f8000000,0x00000000f8000000,0x00000000f9280000)
 ParOldGen       total 349696K, used 349693K [0x00000000e0000000, 0x00000000f5580000, 0x00000000f5580000)
  object space 349696K, 99% used [0x00000000e0000000,0x00000000f557f660,0x00000000f5580000)
 Metaspace       used 63377K, committed 64384K, reserved 1114112K
  class space    used 6212K, committed 6592K, reserved 1048576K
}
Event: 1105.459 GC heap before
{Heap before GC invocations=1077 (full 978):
 PSYoungGen      total 41472K, used 20992K [0x00000000f5580000, 0x00000000f9280000, 0x0000000100000000)
  eden space 20992K, 100% used [0x00000000f5580000,0x00000000f6a00000,0x00000000f6a00000)
  from space 20480K, 0% used [0x00000000f6a00000,0x00000000f6a00000,0x00000000f7e00000)
  to   space 18944K, 0% used [0x00000000f8000000,0x00000000f8000000,0x00000000f9280000)
 ParOldGen       total 349696K, used 349693K [0x00000000e0000000, 0x00000000f5580000, 0x00000000f5580000)
  object space 349696K, 99% used [0x00000000e0000000,0x00000000f557f660,0x00000000f5580000)
 Metaspace       used 63377K, committed 64384K, reserved 1114112K
  class space    used 6212K, committed 6592K, reserved 1048576K
}
Event: 1106.990 GC heap after
{Heap after GC invocations=1077 (full 978):
 PSYoungGen      total 39936K, used 20991K [0x00000000f5580000, 0x00000000f9280000, 0x0000000100000000)
  eden space 20992K, 99% used [0x00000000f5580000,0x00000000f69fffe0,0x00000000f6a00000)
  from space 18944K, 0% used [0x00000000f8000000,0x00000000f8000000,0x00000000f9280000)
  to   space 20480K, 0% used [0x00000000f6a00000,0x00000000f6a00000,0x00000000f7e00000)
 ParOldGen       total 349696K, used 349693K [0x00000000e0000000, 0x00000000f5580000, 0x00000000f5580000)
  object space 349696K, 99% used [0x00000000e0000000,0x00000000f557f660,0x00000000f5580000)
 Metaspace       used 63377K, committed 64384K, reserved 1114112K
  class space    used 6212K, committed 6592K, reserved 1048576K
}
Event: 1106.990 GC heap before
{Heap before GC invocations=1078 (full 979):
 PSYoungGen      total 39936K, used 20992K [0x00000000f5580000, 0x00000000f9280000, 0x0000000100000000)
  eden space 20992K, 100% used [0x00000000f5580000,0x00000000f6a00000,0x00000000f6a00000)
  from space 18944K, 0% used [0x00000000f8000000,0x00000000f8000000,0x00000000f9280000)
  to   space 20480K, 0% used [0x00000000f6a00000,0x00000000f6a00000,0x00000000f7e00000)
 ParOldGen       total 349696K, used 349693K [0x00000000e0000000, 0x00000000f5580000, 0x00000000f5580000)
  object space 349696K, 99% used [0x00000000e0000000,0x00000000f557f660,0x00000000f5580000)
 Metaspace       used 63377K, committed 64384K, reserved 1114112K
  class space    used 6212K, committed 6592K, reserved 1048576K
}
Event: 1108.174 GC heap after
{Heap after GC invocations=1078 (full 979):
 PSYoungGen      total 41472K, used 20991K [0x00000000f5580000, 0x00000000f9280000, 0x0000000100000000)
  eden space 20992K, 99% used [0x00000000f5580000,0x00000000f69fffe0,0x00000000f6a00000)
  from space 20480K, 0% used [0x00000000f6a00000,0x00000000f6a00000,0x00000000f7e00000)
  to   space 18944K, 0% used [0x00000000f8000000,0x00000000f8000000,0x00000000f9280000)
 ParOldGen       total 349696K, used 349693K [0x00000000e0000000, 0x00000000f5580000, 0x00000000f5580000)
  object space 349696K, 99% used [0x00000000e0000000,0x00000000f557f660,0x00000000f5580000)
 Metaspace       used 63377K, committed 64384K, reserved 1114112K
  class space    used 6212K, committed 6592K, reserved 1048576K
}
Event: 1108.174 GC heap before
{Heap before GC invocations=1079 (full 980):
 PSYoungGen      total 41472K, used 20991K [0x00000000f5580000, 0x00000000f9280000, 0x0000000100000000)
  eden space 20992K, 99% used [0x00000000f5580000,0x00000000f69ffff0,0x00000000f6a00000)
  from space 20480K, 0% used [0x00000000f6a00000,0x00000000f6a00000,0x00000000f7e00000)
  to   space 18944K, 0% used [0x00000000f8000000,0x00000000f8000000,0x00000000f9280000)
 ParOldGen       total 349696K, used 349693K [0x00000000e0000000, 0x00000000f5580000, 0x00000000f5580000)
  object space 349696K, 99% used [0x00000000e0000000,0x00000000f557f660,0x00000000f5580000)
 Metaspace       used 63377K, committed 64384K, reserved 1114112K
  class space    used 6212K, committed 6592K, reserved 1048576K
}
Event: 1109.095 GC heap after
{Heap after GC invocations=1079 (full 980):
 PSYoungGen      total 39936K, used 20991K [0x00000000f5580000, 0x00000000f9280000, 0x0000000100000000)
  eden space 20992K, 99% used [0x00000000f5580000,0x00000000f69fffe0,0x00000000f6a00000)
  from space 18944K, 0% used [0x00000000f8000000,0x00000000f8000000,0x00000000f9280000)
  to   space 20480K, 0% used [0x00000000f6a00000,0x00000000f6a00000,0x00000000f7e00000)
 ParOldGen       total 349696K, used 349693K [0x00000000e0000000, 0x00000000f5580000, 0x00000000f5580000)
  object space 349696K, 99% used [0x00000000e0000000,0x00000000f557f660,0x00000000f5580000)
 Metaspace       used 63377K, committed 64384K, reserved 1114112K
  class space    used 6212K, committed 6592K, reserved 1048576K
}
Event: 1109.096 GC heap before
{Heap before GC invocations=1080 (full 981):
 PSYoungGen      total 39936K, used 20992K [0x00000000f5580000, 0x00000000f9280000, 0x0000000100000000)
  eden space 20992K, 100% used [0x00000000f5580000,0x00000000f6a00000,0x00000000f6a00000)
  from space 18944K, 0% used [0x00000000f8000000,0x00000000f8000000,0x00000000f9280000)
  to   space 20480K, 0% used [0x00000000f6a00000,0x00000000f6a00000,0x00000000f7e00000)
 ParOldGen       total 349696K, used 349695K [0x00000000e0000000, 0x00000000f5580000, 0x00000000f5580000)
  object space 349696K, 99% used [0x00000000e0000000,0x00000000f557ff00,0x00000000f5580000)
 Metaspace       used 63377K, committed 64384K, reserved 1114112K
  class space    used 6212K, committed 6592K, reserved 1048576K
}
Event: 1110.267 GC heap after
{Heap after GC invocations=1080 (full 981):
 PSYoungGen      total 41472K, used 20991K [0x00000000f5580000, 0x00000000f9280000, 0x0000000100000000)
  eden space 20992K, 99% used [0x00000000f5580000,0x00000000f69fff88,0x00000000f6a00000)
  from space 20480K, 0% used [0x00000000f6a00000,0x00000000f6a00000,0x00000000f7e00000)
  to   space 18944K, 0% used [0x00000000f8000000,0x00000000f8000000,0x00000000f9280000)
 ParOldGen       total 349696K, used 349694K [0x00000000e0000000, 0x00000000f5580000, 0x00000000f5580000)
  object space 349696K, 99% used [0x00000000e0000000,0x00000000f557f980,0x00000000f5580000)
 Metaspace       used 63377K, committed 64384K, reserved 1114112K
  class space    used 6212K, committed 6592K, reserved 1048576K
}
Event: 1110.269 GC heap before
{Heap before GC invocations=1081 (full 982):
 PSYoungGen      total 41472K, used 20992K [0x00000000f5580000, 0x00000000f9280000, 0x0000000100000000)
  eden space 20992K, 100% used [0x00000000f5580000,0x00000000f6a00000,0x00000000f6a00000)
  from space 20480K, 0% used [0x00000000f6a00000,0x00000000f6a00000,0x00000000f7e00000)
  to   space 18944K, 0% used [0x00000000f8000000,0x00000000f8000000,0x00000000f9280000)
 ParOldGen       total 349696K, used 349694K [0x00000000e0000000, 0x00000000f5580000, 0x00000000f5580000)
  object space 349696K, 99% used [0x00000000e0000000,0x00000000f557f980,0x00000000f5580000)
 Metaspace       used 63377K, committed 64384K, reserved 1114112K
  class space    used 6212K, committed 6592K, reserved 1048576K
}
Event: 1111.287 GC heap after
{Heap after GC invocations=1081 (full 982):
 PSYoungGen      total 39936K, used 20992K [0x00000000f5580000, 0x00000000f9280000, 0x0000000100000000)
  eden space 20992K, 100% used [0x00000000f5580000,0x00000000f6a00000,0x00000000f6a00000)
  from space 18944K, 0% used [0x00000000f8000000,0x00000000f8000000,0x00000000f9280000)
  to   space 20480K, 0% used [0x00000000f6a00000,0x00000000f6a00000,0x00000000f7e00000)
 ParOldGen       total 349696K, used 349694K [0x00000000e0000000, 0x00000000f5580000, 0x00000000f5580000)
  object space 349696K, 99% used [0x00000000e0000000,0x00000000f557f948,0x00000000f5580000)
 Metaspace       used 63377K, committed 64384K, reserved 1114112K
  class space    used 6212K, committed 6592K, reserved 1048576K
}
Event: 1111.288 GC heap before
{Heap before GC invocations=1082 (full 983):
 PSYoungGen      total 39936K, used 20992K [0x00000000f5580000, 0x00000000f9280000, 0x0000000100000000)
  eden space 20992K, 100% used [0x00000000f5580000,0x00000000f6a00000,0x00000000f6a00000)
  from space 18944K, 0% used [0x00000000f8000000,0x00000000f8000000,0x00000000f9280000)
  to   space 20480K, 0% used [0x00000000f6a00000,0x00000000f6a00000,0x00000000f7e00000)
 ParOldGen       total 349696K, used 349694K [0x00000000e0000000, 0x00000000f5580000, 0x00000000f5580000)
  object space 349696K, 99% used [0x00000000e0000000,0x00000000f557f9b0,0x00000000f5580000)
 Metaspace       used 63377K, committed 64384K, reserved 1114112K
  class space    used 6212K, committed 6592K, reserved 1048576K
}
Event: 1112.386 GC heap after
{Heap after GC invocations=1082 (full 983):
 PSYoungGen      total 41472K, used 20991K [0x00000000f5580000, 0x00000000f9280000, 0x0000000100000000)
  eden space 20992K, 99% used [0x00000000f5580000,0x00000000f69fffa8,0x00000000f6a00000)
  from space 20480K, 0% used [0x00000000f6a00000,0x00000000f6a00000,0x00000000f7e00000)
  to   space 18944K, 0% used [0x00000000f8000000,0x00000000f8000000,0x00000000f9280000)
 ParOldGen       total 349696K, used 349694K [0x00000000e0000000, 0x00000000f5580000, 0x00000000f5580000)
  object space 349696K, 99% used [0x00000000e0000000,0x00000000f557f948,0x00000000f5580000)
 Metaspace       used 63377K, committed 64384K, reserved 1114112K
  class space    used 6212K, committed 6592K, reserved 1048576K
}
Event: 1112.386 GC heap before
{Heap before GC invocations=1083 (full 984):
 PSYoungGen      total 41472K, used 20991K [0x00000000f5580000, 0x00000000f9280000, 0x0000000100000000)
  eden space 20992K, 99% used [0x00000000f5580000,0x00000000f69fffa8,0x00000000f6a00000)
  from space 20480K, 0% used [0x00000000f6a00000,0x00000000f6a00000,0x00000000f7e00000)
  to   space 18944K, 0% used [0x00000000f8000000,0x00000000f8000000,0x00000000f9280000)
 ParOldGen       total 349696K, used 349694K [0x00000000e0000000, 0x00000000f5580000, 0x00000000f5580000)
  object space 349696K, 99% used [0x00000000e0000000,0x00000000f557f948,0x00000000f5580000)
 Metaspace       used 63377K, committed 64384K, reserved 1114112K
  class space    used 6212K, committed 6592K, reserved 1048576K
}
Event: 1113.459 GC heap after
{Heap after GC invocations=1083 (full 984):
 PSYoungGen      total 39936K, used 20991K [0x00000000f5580000, 0x00000000f9280000, 0x0000000100000000)
  eden space 20992K, 99% used [0x00000000f5580000,0x00000000f69fffa8,0x00000000f6a00000)
  from space 18944K, 0% used [0x00000000f8000000,0x00000000f8000000,0x00000000f9280000)
  to   space 20480K, 0% used [0x00000000f6a00000,0x00000000f6a00000,0x00000000f7e00000)
 ParOldGen       total 349696K, used 349694K [0x00000000e0000000, 0x00000000f5580000, 0x00000000f5580000)
  object space 349696K, 99% used [0x00000000e0000000,0x00000000f557f948,0x00000000f5580000)
 Metaspace       used 63377K, committed 64384K, reserved 1114112K
  class space    used 6212K, committed 6592K, reserved 1048576K
}

